github.com/moson-mo/goaurrpc/internal/config/settings.go:20:	DefaultSettings		100.0%
github.com/moson-mo/goaurrpc/internal/config/settings.go:34:	LoadFromFile		100.0%
github.com/moson-mo/goaurrpc/internal/memdb/memdb.go:14:	LoadDbFromFile		87.5%
github.com/moson-mo/goaurrpc/internal/memdb/memdb.go:41:	LoadDbFromUrl		75.0%
github.com/moson-mo/goaurrpc/internal/memdb/memdb.go:50:	bytesToMemoryDB		90.0%
github.com/moson-mo/goaurrpc/internal/rpc/handlers.go:12:	rpcInfo			100.0%
github.com/moson-mo/goaurrpc/internal/rpc/handlers.go:64:	rpcSearch		100.0%
github.com/moson-mo/goaurrpc/internal/rpc/handlers.go:144:	rpcSuggest		100.0%
github.com/moson-mo/goaurrpc/internal/rpc/server.go:32:		New			88.9%
github.com/moson-mo/goaurrpc/internal/rpc/server.go:52:		Listen			100.0%
github.com/moson-mo/goaurrpc/internal/rpc/server.go:77:		Stop			100.0%
github.com/moson-mo/goaurrpc/internal/rpc/server.go:82:		rpcHandler		91.7%
github.com/moson-mo/goaurrpc/internal/rpc/server.go:166:	isRateLimited		92.9%
github.com/moson-mo/goaurrpc/internal/rpc/server.go:193:	reloadData		69.2%
github.com/moson-mo/goaurrpc/internal/rpc/server.go:218:	startJobs		73.7%
github.com/moson-mo/goaurrpc/internal/rpc/utils.go:25:		validateQueryString	100.0%
github.com/moson-mo/goaurrpc/internal/rpc/utils.go:52:		getArgumentList		100.0%
github.com/moson-mo/goaurrpc/internal/rpc/utils.go:63:		getArgument		100.0%
github.com/moson-mo/goaurrpc/internal/rpc/utils.go:70:		getBy			100.0%
github.com/moson-mo/goaurrpc/internal/rpc/utils.go:85:		writeError		66.7%
github.com/moson-mo/goaurrpc/internal/rpc/utils.go:104:		writeResult		66.7%
github.com/moson-mo/goaurrpc/internal/rpc/utils.go:119:		inSlice			100.0%
github.com/moson-mo/goaurrpc/internal/rpc/utils.go:128:		sliceContainsBeginsWith	100.0%
total:								(statements)		90.7%
